<?xml version="1.0" encoding="UTF-8"?>
<!-- Generated by org.testng.reporters.JUnitReportReporter -->
<testsuite hostname="Anamul" failures="0" tests="2" name="test.Ecommerce" time="0.023" errors="0" timestamp="2022-03-26T00:20:44 BDT" skipped="0">
  <testcase classname="test.Ecommerce" name="darazTitleTest" time="0.017"/>
  <system-out/>
  <testcase classname="test.Ecommerce" name="noCommerceLogoTest" time="0.006"/>
  <system-out/>
</testsuite> <!-- test.Ecommerce -->
