<?xml version="1.0" encoding="UTF-8"?>
<!-- Generated by org.testng.reporters.JUnitReportReporter -->
<testsuite hostname="Anamul" failures="0" tests="2" name="com.daraz.Ecommerce" time="5.280" errors="0" timestamp="2022-03-27T00:12:10 BDT" skipped="0">
  <testcase classname="com.daraz.Ecommerce" name="priyoTitleTest" time="0.020"/>
  <system-out/>
  <testcase classname="com.daraz.Ecommerce" name="priyoLogoTest" time="5.260"/>
  <system-out/>
</testsuite> <!-- com.daraz.Ecommerce -->
