<?xml version="1.0" encoding="UTF-8"?>
<!-- Generated by org.testng.reporters.JUnitReportReporter -->
<testsuite hostname="Anamul" failures="0" tests="4" name="com.priyoshop.Ecommerce" time="13.439" errors="0" timestamp="2022-03-27T01:53:46 BDT" skipped="0">
  <testcase classname="com.priyoshop.Ecommerce" name="priyoTitleTest" time="0.012"/>
  <system-out/>
  <testcase classname="com.priyoshop.Ecommerce" name="priyoLogoTest" time="5.266"/>
  <system-out/>
  <testcase classname="com.priyoshop.Ecommerce" name="logIn" time="4.278"/>
  <system-out/>
  <testcase classname="com.priyoshop.Ecommerce" name="buyProduct" time="3.883"/>
  <system-out/>
</testsuite> <!-- com.priyoshop.Ecommerce -->
